Created the main log file!
2018-03-22 10:58:15 [INFO] Created the main log file!
EstiConsole v2.0.1
Registering hooks...
2018-03-22 10:58:15 [INFO] Registering hooks...
Completed!
2018-03-22 10:58:15 [INFO] Completed!
Setting up and loading configuration...
2018-03-22 10:58:15 [INFO] Setting up and loading configuration...
Extracted config contents!
2018-03-22 10:58:15 [INFO] Extracted config contents!
Completed!
2018-03-22 10:58:15 [INFO] Completed!
Starting network processes...
2018-03-22 10:58:15 [INFO] Starting network processes...
Starting client processes...
2018-03-22 10:58:15 [INFO] Starting client processes...
Starting command system...
2018-03-22 10:58:15 [INFO] Starting command system...
Starting esticli connection process...
2018-03-22 10:58:15 [INFO] Starting esticli connection process...
Started!
Initialized server Server1.
2018-03-22 10:58:15 [INFO] Started!
Starting client connection process...
2018-03-22 10:58:15 [INFO] Initialized server Server1.
2018-03-22 10:58:15 [INFO] Starting client connection process...
Completed process initialization!
2018-03-22 10:58:15 [INFO] Completed process initialization!
Starting Server1
2018-03-22 10:58:15 [INFO] Starting Server1
